<?xml version="1.0" encoding="UTF-8" ?>
<testsuite tests="46" failures="0" name="TestSuite" time="0.347" errors="0" skipped="0">
  <properties>
    <property name="idea.version" value="2022.1.3"/>
    <property name="java.runtime.name" value="Java(TM) SE Runtime Environment"/>
    <property name="java.vm.version" value="18.0.1.1+2-6"/>
    <property name="sun.boot.library.path" value="C:\Program Files\Java\jdk-18.0.1.1\bin"/>
    <property name="maven.multiModuleProjectDirectory" value="C:\Users\P3720090\Desktop\IDEA Workspace\imagedemo"/>
    <property name="java.vm.vendor" value="Oracle Corporation"/>
    <property name="java.vendor.url" value="https://java.oracle.com/"/>
    <property name="guice.disable.misplaced.annotation.check" value="true"/>
    <property name="path.separator" value=";"/>
    <property name="java.vm.name" value="Java HotSpot(TM) 64-Bit Server VM"/>
    <property name="sun.os.patch.level" value=""/>
    <property name="user.script" value=""/>
    <property name="user.country" value="US"/>
    <property name="sun.java.launcher" value="SUN_STANDARD"/>
    <property name="java.vm.specification.name" value="Java Virtual Machine Specification"/>
    <property name="user.dir" value="C:\Users\P3720090\Desktop\IDEA Workspace\imagedemo"/>
    <property name="java.vm.compressedOopsMode" value="Zero based"/>
    <property name="java.runtime.version" value="18.0.1.1+2-6"/>
    <property name="os.arch" value="amd64"/>
    <property name="java.io.tmpdir" value="C:\Users\P3720090\AppData\Local\Temp\"/>
    <property name="line.separator" value="
"/>
    <property name="java.vm.specification.vendor" value="Oracle Corporation"/>
    <property name="user.variant" value=""/>
    <property name="os.name" value="Windows 10"/>
    <property name="maven.ext.class.path" value="C:\Program Files\JetBrains\IntelliJ IDEA Community Edition 2022.1.3\plugins\maven\lib\maven-event-listener.jar"/>
    <property name="classworlds.conf" value="C:\Program Files\JetBrains\IntelliJ IDEA Community Edition 2022.1.3\plugins\maven\lib\maven3\bin\m2.conf"/>
    <property name="sun.jnu.encoding" value="Cp1252"/>
    <property name="java.library.path" value="C:\Program Files\Java\jdk-18.0.1.1\bin;C:\Windows\Sun\Java\bin;C:\Windows\system32;C:\Windows;C:\Program Files\Common Files\Oracle\Java\javapath;C:\Windows\system32;C:\Windows;C:\Windows\System32\Wbem;C:\Windows\System32\WindowsPowerShell\v1.0\;C:\Windows\System32\OpenSSH\;C:\Program Files\dotnet\;C:\Program Files (x86)\NVIDIA Corporation\PhysX\Common;C:\Program Files\Git\cmd;C:\Program Files\Amazon\AWSCLIV2\;C:\Program Files\Docker\Docker\resources\bin;C:\ProgramData\DockerDesktop\version-bin;C:\Users\P3720090\AppData\Local\Microsoft\WindowsApps;C:\Tools\kafka_2.13-3.2.0\bin\windows;;."/>
    <property name="maven.conf" value="C:\Program Files\JetBrains\IntelliJ IDEA Community Edition 2022.1.3\plugins\maven\lib\maven3/conf"/>
    <property name="jdk.debug" value="release"/>
    <property name="java.class.version" value="62.0"/>
    <property name="java.specification.name" value="Java Platform API Specification"/>
    <property name="sun.management.compiler" value="HotSpot 64-Bit Tiered Compilers"/>
    <property name="os.version" value="10.0"/>
    <property name="user.home" value="C:\Users\P3720090"/>
    <property name="user.timezone" value="Europe/Bucharest"/>
    <property name="file.encoding" value="UTF-8"/>
    <property name="java.specification.version" value="18"/>
    <property name="user.name" value="P3720090"/>
    <property name="java.class.path" value="C:\Program Files\JetBrains\IntelliJ IDEA Community Edition 2022.1.3\plugins\maven\lib\maven3\boot\plexus-classworlds-2.6.0.jar;C:\Program Files\JetBrains\IntelliJ IDEA Community Edition 2022.1.3\plugins\maven\lib\maven3\boot\plexus-classworlds.license"/>
    <property name="java.vm.specification.version" value="18"/>
    <property name="sun.arch.data.model" value="64"/>
    <property name="sun.java.command" value="org.codehaus.classworlds.Launcher -Didea.version=2022.1.3 package"/>
    <property name="java.home" value="C:\Program Files\Java\jdk-18.0.1.1"/>
    <property name="user.language" value="en"/>
    <property name="java.specification.vendor" value="Oracle Corporation"/>
    <property name="java.vm.info" value="mixed mode, sharing"/>
    <property name="java.version" value="18.0.1.1"/>
    <property name="native.encoding" value="Cp1252"/>
    <property name="java.vendor" value="Oracle Corporation"/>
    <property name="maven.home" value="C:\Program Files\JetBrains\IntelliJ IDEA Community Edition 2022.1.3\plugins\maven\lib\maven3"/>
    <property name="file.separator" value="\"/>
    <property name="java.version.date" value="2022-04-22"/>
    <property name="java.vendor.url.bug" value="https://bugreport.java.com/bugreport/"/>
    <property name="sun.io.unicode.encoding" value="UnicodeLittle"/>
    <property name="sun.cpu.endian" value="little"/>
    <property name="sun.cpu.isalist" value="amd64"/>
  </properties>
  <testcase classname="com.adasarca.imagedemo.controller.AuthenticationControllerTest" name="testAuthenticate" time="0.15"/>
  <testcase classname="com.adasarca.imagedemo.controller.AuthenticationControllerTest" name="testAuthenticate_ValidationException" time="0.016"/>
  <testcase classname="com.adasarca.imagedemo.controller.AuthenticationControllerTest" name="testSignup" time="0.011"/>
  <testcase classname="com.adasarca.imagedemo.controller.AuthenticationControllerTest" name="testSignup_DatabaseException" time="0.009"/>
  <testcase classname="com.adasarca.imagedemo.controller.AuthenticationControllerTest" name="testSignup_ValidationException" time="0.009"/>
  <testcase classname="com.adasarca.imagedemo.graphql.PostDataFetcherTest" name="testDeletePost" time="0.064"/>
  <testcase classname="com.adasarca.imagedemo.graphql.PostDataFetcherTest" name="testPosts" time="0.013"/>
  <testcase classname="com.adasarca.imagedemo.graphql.PostDataFetcherTest" name="testPosts_DatabaseException" time="0.006"/>
  <testcase classname="com.adasarca.imagedemo.graphql.PostDataFetcherTest" name="testUpdatePost" time="0.002"/>
  <testcase classname="com.adasarca.imagedemo.graphql.PostDataFetcherTest" name="testUploadPost" time="0.003"/>
  <testcase classname="com.adasarca.imagedemo.graphql.PostDataFetcherTest" name="testUploadPost_AmazonS3Exception" time="0.003"/>
  <testcase classname="com.adasarca.imagedemo.graphql.PostDataFetcherTest" name="testUploadPost_ValidationException" time="0.001"/>
  <testcase classname="com.adasarca.imagedemo.graphql.UserDataFetcherTest" name="testUser" time="0.015"/>
  <testcase classname="com.adasarca.imagedemo.graphql.UserDataFetcherTest" name="testUser_DatabaseException" time="0.004"/>
  <testcase classname="com.adasarca.imagedemo.service.PostServiceTest" name="testDelete" time="0.001"/>
  <testcase classname="com.adasarca.imagedemo.service.PostServiceTest" name="testDelete_MissingContextUser" time="0"/>
  <testcase classname="com.adasarca.imagedemo.service.PostServiceTest" name="testDelete_PostNotFound" time="0"/>
  <testcase classname="com.adasarca.imagedemo.service.PostServiceTest" name="testFindByUser" time="0.001"/>
  <testcase classname="com.adasarca.imagedemo.service.PostServiceTest" name="testFindByUser_EmptyList" time="0.001"/>
  <testcase classname="com.adasarca.imagedemo.service.PostServiceTest" name="testFindByUser_MissingContextUser" time="0"/>
  <testcase classname="com.adasarca.imagedemo.service.PostServiceTest" name="testFindByUser_NullList" time="0"/>
  <testcase classname="com.adasarca.imagedemo.service.PostServiceTest" name="testUpdate" time="0.001"/>
  <testcase classname="com.adasarca.imagedemo.service.PostServiceTest" name="testUpdate_DescriptionTooLong" time="0.001"/>
  <testcase classname="com.adasarca.imagedemo.service.PostServiceTest" name="testUpdate_MissingContextUser" time="0"/>
  <testcase classname="com.adasarca.imagedemo.service.PostServiceTest" name="testUpdate_PostNotFound" time="0.001"/>
  <testcase classname="com.adasarca.imagedemo.service.PostServiceTest" name="testUpload" time="0.016"/>
  <testcase classname="com.adasarca.imagedemo.service.PostServiceTest" name="testUpload_DatabaseException" time="0.002"/>
  <testcase classname="com.adasarca.imagedemo.service.PostServiceTest" name="testUpload_DescriptionTooLong" time="0.001"/>
  <testcase classname="com.adasarca.imagedemo.service.PostServiceTest" name="testUpload_InvalidContent" time="0.002"/>
  <testcase classname="com.adasarca.imagedemo.service.PostServiceTest" name="testUpload_InvalidContentType" time="0"/>
  <testcase classname="com.adasarca.imagedemo.service.PostServiceTest" name="testUpload_MissingContextUser" time="0"/>
  <testcase classname="com.adasarca.imagedemo.service.PostServiceTest" name="testUpload_MissingImageFile" time="0"/>
  <testcase classname="com.adasarca.imagedemo.service.security.AuthenticationServiceTest" name="testAuthenticate" time="0.005"/>
  <testcase classname="com.adasarca.imagedemo.service.security.AuthenticationServiceTest" name="testAuthenticate_EmptyRequest" time="0"/>
  <testcase classname="com.adasarca.imagedemo.service.security.AuthenticationServiceTest" name="testAuthenticate_InvalidCredentials" time="0.002"/>
  <testcase classname="com.adasarca.imagedemo.service.security.AuthenticationServiceTest" name="testAuthenticate_NullRequest" time="0"/>
  <testcase classname="com.adasarca.imagedemo.service.security.AuthenticationServiceTest" name="testSignup" time="0.002"/>
  <testcase classname="com.adasarca.imagedemo.service.security.AuthenticationServiceTest" name="testSignup_DatabaseException" time="0.002"/>
  <testcase classname="com.adasarca.imagedemo.service.security.AuthenticationServiceTest" name="testSignup_DuplicateEmail" time="0"/>
  <testcase classname="com.adasarca.imagedemo.service.security.AuthenticationServiceTest" name="testSignup_EmptyRequest" time="0"/>
  <testcase classname="com.adasarca.imagedemo.service.security.AuthenticationServiceTest" name="testSignup_InvalidEmail" time="0"/>
  <testcase classname="com.adasarca.imagedemo.service.security.AuthenticationServiceTest" name="testSignup_InvalidPassword" time="0.001"/>
  <testcase classname="com.adasarca.imagedemo.service.security.AuthenticationServiceTest" name="testSignup_MissingRole" time="0"/>
  <testcase classname="com.adasarca.imagedemo.service.security.AuthenticationServiceTest" name="testSignup_NullRequest" time="0.001"/>
  <testcase classname="com.adasarca.imagedemo.service.UserServiceTest" name="testFindById" time="0"/>
  <testcase classname="com.adasarca.imagedemo.service.UserServiceTest" name="testFindById_NotFound" time="0.001"/>
</testsuite>