<?xml version="1.0" encoding="UTF-8"?>
<!-- Generated by org.testng.reporters.JUnitReportReporter -->
<testsuite hostname="L3701100373" failures="0" tests="18" name="com.adasarca.imagedemo.service.PostServiceTest" time="0.050" errors="0" timestamp="2022-08-17T14:40:19 EEST" skipped="0">
  <testcase classname="com.adasarca.imagedemo.service.PostServiceTest" name="testUpload_InvalidContentType" time="0.000"/>
  <system-out/>
  <testcase classname="com.adasarca.imagedemo.service.PostServiceTest" name="testDelete_MissingContextUser" time="0.000"/>
  <system-out/>
  <testcase classname="com.adasarca.imagedemo.service.PostServiceTest" name="testUpload_MissingImageFile" time="0.000"/>
  <system-out/>
  <testcase classname="com.adasarca.imagedemo.service.PostServiceTest" name="testFindByUser" time="0.021"/>
  <system-out/>
  <testcase classname="com.adasarca.imagedemo.service.PostServiceTest" name="testUpload_DescriptionTooLong" time="0.000"/>
  <system-out/>
  <testcase classname="com.adasarca.imagedemo.service.PostServiceTest" name="testUpload" time="0.016"/>
  <system-out/>
  <testcase classname="com.adasarca.imagedemo.service.PostServiceTest" name="testDelete_PostNotFound" time="0.001"/>
  <system-out/>
  <testcase classname="com.adasarca.imagedemo.service.PostServiceTest" name="testFindByUser_MissingContextUser" time="0.000"/>
  <system-out/>
  <testcase classname="com.adasarca.imagedemo.service.PostServiceTest" name="testUpdate_DescriptionTooLong" time="0.000"/>
  <system-out/>
  <testcase classname="com.adasarca.imagedemo.service.PostServiceTest" name="testUpdate_MissingContextUser" time="0.001"/>
  <system-out/>
  <testcase classname="com.adasarca.imagedemo.service.PostServiceTest" name="testFindByUser_EmptyList" time="0.001"/>
  <system-out/>
  <testcase classname="com.adasarca.imagedemo.service.PostServiceTest" name="testUpdate_PostNotFound" time="0.001"/>
  <system-out/>
  <testcase classname="com.adasarca.imagedemo.service.PostServiceTest" name="testUpload_MissingContextUser" time="0.000"/>
  <system-out/>
  <testcase classname="com.adasarca.imagedemo.service.PostServiceTest" name="testUpdate" time="0.001"/>
  <system-out/>
  <testcase classname="com.adasarca.imagedemo.service.PostServiceTest" name="testUpload_InvalidContent" time="0.002"/>
  <system-out/>
  <testcase classname="com.adasarca.imagedemo.service.PostServiceTest" name="testFindByUser_NullList" time="0.002"/>
  <system-out/>
  <testcase classname="com.adasarca.imagedemo.service.PostServiceTest" name="testDelete" time="0.001"/>
  <system-out/>
  <testcase classname="com.adasarca.imagedemo.service.PostServiceTest" name="testUpload_DatabaseException" time="0.003"/>
  <system-out/>
</testsuite> <!-- com.adasarca.imagedemo.service.PostServiceTest -->
