<?xml version="1.0" encoding="UTF-8"?>
<!-- Generated by org.testng.reporters.JUnitReportReporter -->
<testsuite hostname="L3701100373" failures="0" tests="12" name="com.adasarca.imagedemo.service.security.AuthenticationServiceTest" time="0.047" errors="0" timestamp="2022-08-17T14:40:19 EEST" skipped="0">
  <testcase classname="com.adasarca.imagedemo.service.security.AuthenticationServiceTest" name="testSignup_DatabaseException" time="0.002"/>
  <system-out/>
  <testcase classname="com.adasarca.imagedemo.service.security.AuthenticationServiceTest" name="testSignup_InvalidEmail" time="0.000"/>
  <system-out/>
  <testcase classname="com.adasarca.imagedemo.service.security.AuthenticationServiceTest" name="testSignup_DuplicateEmail" time="0.000"/>
  <system-out/>
  <testcase classname="com.adasarca.imagedemo.service.security.AuthenticationServiceTest" name="testSignup_NullRequest" time="0.000"/>
  <system-out/>
  <testcase classname="com.adasarca.imagedemo.service.security.AuthenticationServiceTest" name="testAuthenticate_EmptyRequest" time="0.001"/>
  <system-out/>
  <testcase classname="com.adasarca.imagedemo.service.security.AuthenticationServiceTest" name="testSignup_EmptyRequest" time="0.002"/>
  <system-out/>
  <testcase classname="com.adasarca.imagedemo.service.security.AuthenticationServiceTest" name="testAuthenticate_InvalidCredentials" time="0.001"/>
  <system-out/>
  <testcase classname="com.adasarca.imagedemo.service.security.AuthenticationServiceTest" name="testSignup" time="0.034"/>
  <system-out/>
  <testcase classname="com.adasarca.imagedemo.service.security.AuthenticationServiceTest" name="testSignup_MissingRole" time="0.000"/>
  <system-out/>
  <testcase classname="com.adasarca.imagedemo.service.security.AuthenticationServiceTest" name="testAuthenticate_NullRequest" time="0.000"/>
  <system-out/>
  <testcase classname="com.adasarca.imagedemo.service.security.AuthenticationServiceTest" name="testAuthenticate" time="0.006"/>
  <system-out/>
  <testcase classname="com.adasarca.imagedemo.service.security.AuthenticationServiceTest" name="testSignup_InvalidPassword" time="0.001"/>
  <system-out/>
</testsuite> <!-- com.adasarca.imagedemo.service.security.AuthenticationServiceTest -->
