<?xml version="1.0" encoding="UTF-8"?>
<!-- Generated by org.testng.reporters.JUnitReportReporter -->
<testsuite hostname="L3701100373" failures="0" tests="7" name="com.adasarca.imagedemo.graphql.PostDataFetcherTest" time="0.098" errors="0" timestamp="2022-08-17T14:40:19 EEST" skipped="0">
  <testcase classname="com.adasarca.imagedemo.graphql.PostDataFetcherTest" name="testDeletePost" time="0.063"/>
  <system-out/>
  <testcase classname="com.adasarca.imagedemo.graphql.PostDataFetcherTest" name="testUploadPost_AmazonS3Exception" time="0.004"/>
  <system-out/>
  <testcase classname="com.adasarca.imagedemo.graphql.PostDataFetcherTest" name="testUpdatePost" time="0.004"/>
  <system-out/>
  <testcase classname="com.adasarca.imagedemo.graphql.PostDataFetcherTest" name="testPosts_DatabaseException" time="0.005"/>
  <system-out/>
  <testcase classname="com.adasarca.imagedemo.graphql.PostDataFetcherTest" name="testUploadPost_ValidationException" time="0.002"/>
  <system-out/>
  <testcase classname="com.adasarca.imagedemo.graphql.PostDataFetcherTest" name="testPosts" time="0.014"/>
  <system-out/>
  <testcase classname="com.adasarca.imagedemo.graphql.PostDataFetcherTest" name="testUploadPost" time="0.006"/>
  <system-out/>
</testsuite> <!-- com.adasarca.imagedemo.graphql.PostDataFetcherTest -->
