<?xml version="1.0" encoding="UTF-8"?>
<!-- Generated by org.testng.reporters.JUnitReportReporter -->
<testsuite hostname="L3701100373" failures="0" tests="2" name="com.adasarca.imagedemo.graphql.UserDataFetcherTest" time="0.020" errors="0" timestamp="2022-08-17T14:40:19 EEST" skipped="0">
  <testcase classname="com.adasarca.imagedemo.graphql.UserDataFetcherTest" name="testUser_DatabaseException" time="0.005"/>
  <system-out/>
  <testcase classname="com.adasarca.imagedemo.graphql.UserDataFetcherTest" name="testUser" time="0.015"/>
  <system-out/>
</testsuite> <!-- com.adasarca.imagedemo.graphql.UserDataFetcherTest -->
