<?xml version="1.0" encoding="UTF-8"?>
<!-- Generated by org.testng.reporters.JUnitReportReporter -->
<testsuite hostname="L3701100373" failures="0" tests="2" name="com.adasarca.imagedemo.service.UserServiceTest" time="0.001" errors="0" timestamp="2022-08-17T14:40:19 EEST" skipped="0">
  <testcase classname="com.adasarca.imagedemo.service.UserServiceTest" name="testFindById" time="0.000"/>
  <system-out/>
  <testcase classname="com.adasarca.imagedemo.service.UserServiceTest" name="testFindById_NotFound" time="0.001"/>
  <system-out/>
</testsuite> <!-- com.adasarca.imagedemo.service.UserServiceTest -->
